  [1m[36m (27.9ms)[0m  [1mCREATE TABLE "schema_migrations" ("version" varchar(255) NOT NULL) [0m
  [1m[35m (51.1ms)[0m  CREATE UNIQUE INDEX "unique_schema_migrations" ON "schema_migrations" ("version")
  [1m[36mActiveRecord::SchemaMigration Load (0.2ms)[0m  [1mSELECT "schema_migrations".* FROM "schema_migrations"[0m
Migrating to CreateGists (20140315151916)
  [1m[35m (0.1ms)[0m  begin transaction
  [1m[36m (0.7ms)[0m  [1mCREATE TABLE "gists" ("id" INTEGER PRIMARY KEY AUTOINCREMENT NOT NULL, "snippet" text, "lang" varchar(255), "description" varchar(255), "date" date, "created_at" datetime, "updated_at" datetime) [0m
  [1m[35mSQL (0.6ms)[0m  INSERT INTO "schema_migrations" ("version") VALUES (?)  [["version", "20140315151916"]]
  [1m[36m (17.3ms)[0m  [1mcommit transaction[0m
  [1m[35mActiveRecord::SchemaMigration Load (0.1ms)[0m  SELECT "schema_migrations".* FROM "schema_migrations"


Started GET "/" for 127.0.0.1 at 2014-03-15 16:19:39 +0100
  [1m[36mActiveRecord::SchemaMigration Load (0.2ms)[0m  [1mSELECT "schema_migrations".* FROM "schema_migrations"[0m
Processing by Rails::WelcomeController#index as HTML
  Rendered /home/student/.rvm/gems/ruby-2.1.1/gems/railties-4.0.3/lib/rails/templates/rails/welcome/index.html.erb (2.0ms)
Completed 200 OK in 45ms (Views: 10.6ms | ActiveRecord: 0.0ms)


Started GET "/" for 127.0.0.1 at 2014-03-15 16:19:39 +0100
Processing by Rails::WelcomeController#index as HTML
  Rendered /home/student/.rvm/gems/ruby-2.1.1/gems/railties-4.0.3/lib/rails/templates/rails/welcome/index.html.erb (0.1ms)
Completed 200 OK in 6ms (Views: 4.9ms | ActiveRecord: 0.0ms)


Started GET "/gists" for 127.0.0.1 at 2014-03-15 16:19:41 +0100
Processing by GistsController#index as HTML
  [1m[35mGist Load (0.3ms)[0m  SELECT "gists".* FROM "gists"
  Rendered gists/index.html.erb within layouts/application (13.1ms)
Completed 200 OK in 791ms (Views: 786.6ms | ActiveRecord: 0.3ms)


Started GET "/gists" for 127.0.0.1 at 2014-03-15 16:19:42 +0100
Processing by GistsController#index as HTML
  [1m[36mGist Load (0.2ms)[0m  [1mSELECT "gists".* FROM "gists"[0m
  Rendered gists/index.html.erb within layouts/application (1.6ms)
Completed 200 OK in 9ms (Views: 7.3ms | ActiveRecord: 0.2ms)


Started GET "/gists/new" for 127.0.0.1 at 2014-03-15 16:19:44 +0100
Processing by GistsController#new as HTML
  Rendered gists/_form.html.erb (39.9ms)
  Rendered gists/new.html.erb within layouts/application (79.4ms)
Completed 200 OK in 99ms (Views: 96.1ms | ActiveRecord: 0.7ms)


Started GET "/" for 127.0.0.1 at 2014-03-15 16:20:36 +0100
  [1m[36mActiveRecord::SchemaMigration Load (0.2ms)[0m  [1mSELECT "schema_migrations".* FROM "schema_migrations"[0m
Processing by GistsController#index as HTML
  [1m[35mGist Load (0.3ms)[0m  SELECT "gists".* FROM "gists"
  Rendered gists/index.html.erb within layouts/application (3.8ms)
Completed 200 OK in 101ms (Views: 61.4ms | ActiveRecord: 0.3ms)
